7/15/2025, 8:11:39 AM GMT+1 0: 

----------------------------------------------
7/15/2025, 8:11:39 AM GMT+1 1: Discord starting: {"releaseChannel":"stable","version":"0.0.102"}, modulepath: /home/halfwhit/.config/discord/0.0.102/modules
7/15/2025, 8:11:39 AM GMT+1 2: ✅ webContents.created web1 ""
7/15/2025, 8:11:39 AM GMT+1 3: ✅ window.created win1 "discord"
7/15/2025, 8:11:41 AM GMT+1 4: ✅ webContents.did-finish-load web1
7/15/2025, 8:11:49 AM GMT+1 5: ✅ webContents.created web2 ""
7/15/2025, 8:11:49 AM GMT+1 6: ✅ window.created win2 "Discord"
7/15/2025, 8:11:50 AM GMT+1 7: ✅ webContents.did-finish-load web2
7/15/2025, 8:11:52 AM GMT+1 8: window.close win1
7/15/2025, 8:11:52 AM GMT+1 9: webContents.destroyed web1
7/15/2025, 8:11:52 AM GMT+1 10: window.closed win1
7/15/2025, 6:28:55 PM GMT+1 11: before-quit
7/15/2025, 6:31:25 PM GMT+1 0: 

----------------------------------------------
7/15/2025, 6:31:25 PM GMT+1 1: Discord starting: {"releaseChannel":"stable","version":"0.0.102"}, modulepath: /home/halfwhit/.config/discord/0.0.102/modules
7/15/2025, 6:31:25 PM GMT+1 2: ✅ webContents.created web1 ""
7/15/2025, 6:31:25 PM GMT+1 3: ✅ window.created win1 "discord"
7/15/2025, 6:31:26 PM GMT+1 4: ✅ webContents.did-finish-load web1
7/15/2025, 6:31:26 PM GMT+1 5: ✅ webContents.created web2 ""
7/15/2025, 6:31:26 PM GMT+1 6: ✅ window.created win2 "Discord"
7/15/2025, 6:31:27 PM GMT+1 7: ✅ webContents.did-finish-load web2
7/15/2025, 6:31:30 PM GMT+1 8: window.close win1
7/15/2025, 6:31:30 PM GMT+1 9: webContents.destroyed web1
7/15/2025, 6:31:30 PM GMT+1 10: window.closed win1
7/15/2025, 8:14:12 PM GMT+1 11: before-quit
7/16/2025, 7:30:33 AM GMT+1 0: 

----------------------------------------------
7/16/2025, 7:30:33 AM GMT+1 1: Discord starting: {"releaseChannel":"stable","version":"0.0.102"}, modulepath: /home/halfwhit/.config/discord/0.0.102/modules
7/16/2025, 7:30:33 AM GMT+1 2: ✅ webContents.created web1 ""
7/16/2025, 7:30:33 AM GMT+1 3: ✅ window.created win1 "discord"
7/16/2025, 7:30:36 AM GMT+1 4: ✅ webContents.did-finish-load web1
7/16/2025, 7:30:36 AM GMT+1 5: ✅ webContents.created web2 ""
7/16/2025, 7:30:36 AM GMT+1 6: ✅ window.created win2 "Discord"
7/16/2025, 7:30:37 AM GMT+1 7: ✅ webContents.did-finish-load web2
7/16/2025, 7:30:39 AM GMT+1 8: window.close win1
7/16/2025, 7:30:39 AM GMT+1 9: webContents.destroyed web1
7/16/2025, 7:30:39 AM GMT+1 10: window.closed win1
7/16/2025, 7:36:39 PM GMT+1 11: before-quit
7/17/2025, 7:00:51 AM GMT+1 0: 

----------------------------------------------
7/17/2025, 7:00:51 AM GMT+1 1: Discord starting: {"releaseChannel":"stable","version":"0.0.102"}, modulepath: /home/halfwhit/.config/discord/0.0.102/modules
7/17/2025, 7:00:51 AM GMT+1 2: ✅ webContents.created web1 ""
7/17/2025, 7:00:51 AM GMT+1 3: ✅ window.created win1 "discord"
7/17/2025, 7:00:53 AM GMT+1 4: ✅ webContents.did-finish-load web1
7/17/2025, 7:00:53 AM GMT+1 5: ✅ webContents.created web2 ""
7/17/2025, 7:00:53 AM GMT+1 6: ✅ window.created win2 "Discord"
7/17/2025, 7:00:54 AM GMT+1 7: ✅ webContents.did-finish-load web2
7/17/2025, 7:00:56 AM GMT+1 8: window.close win1
7/17/2025, 7:00:56 AM GMT+1 9: webContents.destroyed web1
7/17/2025, 7:00:56 AM GMT+1 10: window.closed win1
7/17/2025, 7:01:56 PM GMT+1 11: window.close win2
7/17/2025, 7:13:52 PM GMT+1 0: 

----------------------------------------------
7/17/2025, 7:13:52 PM GMT+1 1: Discord starting: {"releaseChannel":"stable","version":"0.0.102"}, modulepath: /home/halfwhit/.config/discord/0.0.102/modules
7/17/2025, 7:13:52 PM GMT+1 2: ✅ webContents.created web1 ""
7/17/2025, 7:13:52 PM GMT+1 3: ✅ window.created win1 "discord"
7/17/2025, 7:13:55 PM GMT+1 4: ✅ webContents.created web2 ""
7/17/2025, 7:13:55 PM GMT+1 5: ✅ window.created win2 "Discord"
7/17/2025, 7:13:55 PM GMT+1 6: ✅ webContents.did-finish-load web1
7/17/2025, 7:13:56 PM GMT+1 7: ✅ webContents.did-finish-load web2
7/17/2025, 7:13:58 PM GMT+1 8: window.close win1
7/17/2025, 7:13:58 PM GMT+1 9: webContents.destroyed web1
7/17/2025, 7:13:58 PM GMT+1 10: window.closed win1
7/17/2025, 7:21:34 PM GMT+1 11: window.close win2
7/17/2025, 7:21:47 PM GMT+1 0: 

----------------------------------------------
7/17/2025, 7:21:47 PM GMT+1 1: Discord starting: {"releaseChannel":"stable","version":"0.0.102"}, modulepath: /home/halfwhit/.config/discord/0.0.102/modules
7/17/2025, 8:30:54 PM GMT+1 12: window.close win2
7/17/2025, 8:31:58 PM GMT+1 13: before-quit
7/18/2025, 8:26:40 AM GMT+1 0: 

----------------------------------------------
7/18/2025, 8:26:40 AM GMT+1 1: Discord starting: {"releaseChannel":"stable","version":"0.0.102"}, modulepath: /home/halfwhit/.config/discord/0.0.102/modules
7/18/2025, 8:26:40 AM GMT+1 2: ✅ webContents.created web1 ""
7/18/2025, 8:26:40 AM GMT+1 3: ✅ window.created win1 "discord"
7/18/2025, 8:26:41 AM GMT+1 4: ✅ webContents.did-finish-load web1
7/18/2025, 8:26:42 AM GMT+1 5: ✅ webContents.created web2 ""
7/18/2025, 8:26:42 AM GMT+1 6: ✅ window.created win2 "Discord"
7/18/2025, 8:26:43 AM GMT+1 7: ✅ webContents.did-finish-load web2
7/18/2025, 8:26:44 AM GMT+1 8: window.close win1
7/18/2025, 8:26:44 AM GMT+1 9: webContents.destroyed web1
7/18/2025, 8:26:44 AM GMT+1 10: window.closed win1
7/18/2025, 5:55:33 PM GMT+1 11: before-quit
7/18/2025, 5:57:27 PM GMT+1 0: 

----------------------------------------------
7/18/2025, 5:57:27 PM GMT+1 1: Discord starting: {"releaseChannel":"stable","version":"0.0.102"}, modulepath: /home/halfwhit/.config/discord/0.0.102/modules
7/18/2025, 5:57:27 PM GMT+1 2: ✅ webContents.created web1 ""
7/18/2025, 5:57:27 PM GMT+1 3: ✅ window.created win1 "discord"
7/18/2025, 5:57:30 PM GMT+1 4: ✅ webContents.created web2 ""
7/18/2025, 5:57:30 PM GMT+1 5: ✅ window.created win2 "Discord"
7/18/2025, 5:57:31 PM GMT+1 6: ✅ webContents.did-finish-load web1
7/18/2025, 5:57:32 PM GMT+1 7: ✅ webContents.did-finish-load web2
7/18/2025, 5:57:33 PM GMT+1 8: window.close win1
7/18/2025, 5:57:33 PM GMT+1 9: webContents.destroyed web1
7/18/2025, 5:57:33 PM GMT+1 10: window.closed win1
7/18/2025, 6:29:27 PM GMT+1 11: before-quit
7/18/2025, 6:29:29 PM GMT+1 12: window.close win2
7/18/2025, 6:29:29 PM GMT+1 13: ❌ child-process-gone {
  type: 'Utility',
  reason: 'killed',
  exitCode: 15,
  serviceName: 'network.mojom.NetworkService',
  name: 'Network Service'
}
7/18/2025, 6:29:29 PM GMT+1 14: ❌ child-process-gone {
  type: 'Utility',
  reason: 'killed',
  exitCode: 15,
  serviceName: 'audio.mojom.AudioService',
  name: 'Audio Service'
}
7/18/2025, 6:31:40 PM GMT+1 0: 

----------------------------------------------
7/18/2025, 6:31:40 PM GMT+1 1: Discord starting: {"releaseChannel":"stable","version":"0.0.102"}, modulepath: /home/halfwhit/.config/discord/0.0.102/modules
7/18/2025, 6:31:40 PM GMT+1 2: ✅ webContents.created web1 ""
7/18/2025, 6:31:40 PM GMT+1 3: ✅ window.created win1 "discord"
7/18/2025, 6:31:43 PM GMT+1 4: ✅ webContents.did-finish-load web1
7/18/2025, 6:31:44 PM GMT+1 5: ✅ webContents.created web2 ""
7/18/2025, 6:31:44 PM GMT+1 6: ✅ window.created win2 "Discord"
7/18/2025, 6:31:45 PM GMT+1 7: ✅ webContents.did-finish-load web2
7/18/2025, 6:31:47 PM GMT+1 8: window.close win1
7/18/2025, 6:31:47 PM GMT+1 9: webContents.destroyed web1
7/18/2025, 6:31:47 PM GMT+1 10: window.closed win1
7/18/2025, 6:37:09 PM GMT+1 0: 

----------------------------------------------
7/18/2025, 6:37:09 PM GMT+1 1: Discord starting: {"releaseChannel":"stable","version":"0.0.102"}, modulepath: /home/halfwhit/.config/discord/0.0.102/modules
7/18/2025, 6:37:09 PM GMT+1 2: ✅ webContents.created web1 ""
7/18/2025, 6:37:09 PM GMT+1 3: ✅ window.created win1 "discord"
7/18/2025, 6:37:14 PM GMT+1 4: ✅ webContents.created web2 ""
7/18/2025, 6:37:14 PM GMT+1 5: ✅ window.created win2 "Discord"
7/18/2025, 6:37:14 PM GMT+1 6: ✅ webContents.did-finish-load web1
7/18/2025, 6:37:15 PM GMT+1 7: ✅ webContents.did-finish-load web2
7/18/2025, 6:37:17 PM GMT+1 8: window.close win1
7/18/2025, 6:37:17 PM GMT+1 9: webContents.destroyed web1
7/18/2025, 6:37:17 PM GMT+1 10: window.closed win1
7/18/2025, 6:53:47 PM GMT+1 11: before-quit
7/18/2025, 6:53:47 PM GMT+1 12: window.close win2
7/18/2025, 6:55:51 PM GMT+1 0: 

----------------------------------------------
7/18/2025, 6:55:51 PM GMT+1 1: Discord starting: {"releaseChannel":"stable","version":"0.0.102"}, modulepath: /home/halfwhit/.config/discord/0.0.102/modules
7/18/2025, 6:55:51 PM GMT+1 2: ✅ webContents.created web1 ""
7/18/2025, 6:55:51 PM GMT+1 3: ✅ window.created win1 "discord"
7/18/2025, 6:55:54 PM GMT+1 4: ✅ webContents.did-finish-load web1
7/18/2025, 6:55:54 PM GMT+1 5: ✅ webContents.created web2 ""
7/18/2025, 6:55:54 PM GMT+1 6: ✅ window.created win2 "Discord"
7/18/2025, 6:55:55 PM GMT+1 7: ✅ webContents.did-finish-load web2
7/18/2025, 6:55:57 PM GMT+1 8: window.close win1
7/18/2025, 6:55:57 PM GMT+1 9: webContents.destroyed web1
7/18/2025, 6:55:57 PM GMT+1 10: window.closed win1
7/18/2025, 6:56:54 PM GMT+1 11: before-quit
7/18/2025, 6:56:54 PM GMT+1 12: window.close win2
7/18/2025, 6:56:55 PM GMT+1 13: ❌ child-process-gone {
  type: 'Utility',
  reason: 'killed',
  exitCode: 15,
  serviceName: 'audio.mojom.AudioService',
  name: 'Audio Service'
}
7/18/2025, 6:56:55 PM GMT+1 14: ❌ child-process-gone {
  type: 'Utility',
  reason: 'killed',
  exitCode: 15,
  serviceName: 'network.mojom.NetworkService',
  name: 'Network Service'
}
7/18/2025, 6:56:55 PM GMT+1 15: ❌ render-process-gone { reason: 'killed', exitCode: 15 }
7/18/2025, 6:59:59 PM GMT+1 0: 

----------------------------------------------
7/18/2025, 6:59:59 PM GMT+1 1: Discord starting: {"releaseChannel":"stable","version":"0.0.102"}, modulepath: /home/halfwhit/.config/discord/0.0.102/modules
7/18/2025, 6:59:59 PM GMT+1 2: ✅ webContents.created web1 ""
7/18/2025, 6:59:59 PM GMT+1 3: ✅ window.created win1 "discord"
7/18/2025, 7:00:03 PM GMT+1 4: ✅ webContents.created web2 ""
7/18/2025, 7:00:03 PM GMT+1 5: ✅ window.created win2 "Discord"
7/18/2025, 7:00:03 PM GMT+1 6: ✅ webContents.did-finish-load web1
7/18/2025, 7:00:04 PM GMT+1 7: ✅ webContents.did-finish-load web2
7/18/2025, 7:00:05 PM GMT+1 8: window.close win1
7/18/2025, 7:00:05 PM GMT+1 9: webContents.destroyed web1
7/18/2025, 7:00:05 PM GMT+1 10: window.closed win1
7/18/2025, 7:08:09 PM GMT+1 11: ❌ child-process-gone {
  type: 'Utility',
  reason: 'killed',
  exitCode: 15,
  serviceName: 'audio.mojom.AudioService',
  name: 'Audio Service'
}
7/18/2025, 7:08:09 PM GMT+1 12: before-quit
7/18/2025, 7:08:09 PM GMT+1 13: window.close win2
7/18/2025, 7:08:09 PM GMT+1 14: ❌ child-process-gone {
  type: 'Utility',
  reason: 'killed',
  exitCode: 15,
  serviceName: 'network.mojom.NetworkService',
  name: 'Network Service'
}
7/18/2025, 7:15:35 PM GMT+1 0: 

----------------------------------------------
7/18/2025, 7:15:35 PM GMT+1 1: Discord starting: {"releaseChannel":"stable","version":"0.0.102"}, modulepath: /home/halfwhit/.config/discord/0.0.102/modules
7/18/2025, 7:15:35 PM GMT+1 2: ✅ webContents.created web1 ""
7/18/2025, 7:15:35 PM GMT+1 3: ✅ window.created win1 "discord"
7/18/2025, 7:15:37 PM GMT+1 4: ✅ webContents.did-finish-load web1
7/18/2025, 7:15:37 PM GMT+1 5: ✅ webContents.created web2 ""
7/18/2025, 7:15:37 PM GMT+1 6: ✅ window.created win2 "Discord"
7/18/2025, 7:15:38 PM GMT+1 7: ✅ webContents.did-finish-load web2
7/18/2025, 7:15:40 PM GMT+1 8: window.close win1
7/18/2025, 7:15:40 PM GMT+1 9: webContents.destroyed web1
7/18/2025, 7:15:40 PM GMT+1 10: window.closed win1
7/18/2025, 8:41:24 PM GMT+1 11: before-quit
7/19/2025, 11:12:47 AM GMT+1 0: 

----------------------------------------------
7/19/2025, 11:12:47 AM GMT+1 1: Discord starting: {"releaseChannel":"stable","version":"0.0.102"}, modulepath: /home/halfwhit/.config/discord/0.0.102/modules
7/19/2025, 11:12:47 AM GMT+1 2: ✅ webContents.created web1 ""
7/19/2025, 11:12:47 AM GMT+1 3: ✅ window.created win1 "discord"
7/19/2025, 11:12:49 AM GMT+1 4: ✅ webContents.did-finish-load web1
7/19/2025, 11:12:50 AM GMT+1 5: ✅ webContents.created web2 ""
7/19/2025, 11:12:50 AM GMT+1 6: ✅ window.created win2 "Discord"
7/19/2025, 11:12:51 AM GMT+1 7: ✅ webContents.did-finish-load web2
7/19/2025, 11:12:53 AM GMT+1 8: window.close win1
7/19/2025, 11:12:53 AM GMT+1 9: webContents.destroyed web1
7/19/2025, 11:12:53 AM GMT+1 10: window.closed win1
7/19/2025, 2:33:07 PM GMT+1 11: before-quit
7/19/2025, 2:33:08 PM GMT+1 12: window.close win2
7/19/2025, 2:33:08 PM GMT+1 13: ❌ child-process-gone {
  type: 'Utility',
  reason: 'killed',
  exitCode: 15,
  serviceName: 'network.mojom.NetworkService',
  name: 'Network Service'
}
7/19/2025, 2:33:08 PM GMT+1 14: ❌ child-process-gone {
  type: 'Utility',
  reason: 'killed',
  exitCode: 15,
  serviceName: 'audio.mojom.AudioService',
  name: 'Audio Service'
}
7/19/2025, 2:34:52 PM GMT+1 0: 

----------------------------------------------
7/19/2025, 2:34:52 PM GMT+1 1: Discord starting: {"releaseChannel":"stable","version":"0.0.102"}, modulepath: /home/halfwhit/.config/discord/0.0.102/modules
7/19/2025, 2:34:52 PM GMT+1 2: ✅ webContents.created web1 ""
7/19/2025, 2:34:52 PM GMT+1 3: ✅ window.created win1 "discord"
7/19/2025, 2:34:54 PM GMT+1 4: ✅ webContents.created web2 ""
7/19/2025, 2:34:54 PM GMT+1 5: ✅ window.created win2 "Discord"
7/19/2025, 2:34:54 PM GMT+1 6: ✅ webContents.did-finish-load web1
7/19/2025, 2:34:55 PM GMT+1 7: ✅ webContents.did-finish-load web2
7/19/2025, 2:34:59 PM GMT+1 8: window.close win1
7/19/2025, 2:35:00 PM GMT+1 9: webContents.destroyed web1
7/19/2025, 2:35:00 PM GMT+1 10: window.closed win1
7/19/2025, 2:56:51 PM GMT+1 11: before-quit
7/19/2025, 2:56:54 PM GMT+1 12: window.close win2
7/19/2025, 2:56:54 PM GMT+1 13: ❌ child-process-gone {
  type: 'Utility',
  reason: 'killed',
  exitCode: 15,
  serviceName: 'audio.mojom.AudioService',
  name: 'Audio Service'
}
7/19/2025, 2:56:54 PM GMT+1 14: ❌ child-process-gone {
  type: 'Utility',
  reason: 'killed',
  exitCode: 15,
  serviceName: 'network.mojom.NetworkService',
  name: 'Network Service'
}
7/19/2025, 2:58:36 PM GMT+1 0: 

----------------------------------------------
7/19/2025, 2:58:36 PM GMT+1 1: Discord starting: {"releaseChannel":"stable","version":"0.0.102"}, modulepath: /home/halfwhit/.config/discord/0.0.102/modules
7/19/2025, 2:58:36 PM GMT+1 2: ✅ webContents.created web1 ""
7/19/2025, 2:58:36 PM GMT+1 3: ✅ window.created win1 "discord"
7/19/2025, 2:58:38 PM GMT+1 4: ✅ webContents.did-finish-load web1
7/19/2025, 2:58:38 PM GMT+1 5: ✅ webContents.created web2 ""
7/19/2025, 2:58:38 PM GMT+1 6: ✅ window.created win2 "Discord"
7/19/2025, 2:58:39 PM GMT+1 7: ✅ webContents.did-finish-load web2
7/19/2025, 2:58:41 PM GMT+1 8: window.close win1
7/19/2025, 2:58:41 PM GMT+1 9: webContents.destroyed web1
7/19/2025, 2:58:41 PM GMT+1 10: window.closed win1
7/19/2025, 3:13:58 PM GMT+1 11: before-quit
7/19/2025, 3:13:59 PM GMT+1 12: window.close win2
7/19/2025, 3:13:59 PM GMT+1 13: ❌ child-process-gone {
  type: 'Utility',
  reason: 'killed',
  exitCode: 15,
  serviceName: 'network.mojom.NetworkService',
  name: 'Network Service'
}
7/19/2025, 3:13:59 PM GMT+1 14: ❌ child-process-gone {
  type: 'Utility',
  reason: 'killed',
  exitCode: 15,
  serviceName: 'audio.mojom.AudioService',
  name: 'Audio Service'
}
7/19/2025, 3:13:59 PM GMT+1 15: ❌ render-process-gone { reason: 'killed', exitCode: 15 }
7/19/2025, 3:15:41 PM GMT+1 0: 

----------------------------------------------
7/19/2025, 3:15:41 PM GMT+1 1: Discord starting: {"releaseChannel":"stable","version":"0.0.102"}, modulepath: /home/halfwhit/.config/discord/0.0.102/modules
7/19/2025, 3:15:41 PM GMT+1 2: ✅ webContents.created web1 ""
7/19/2025, 3:15:41 PM GMT+1 3: ✅ window.created win1 "discord"
7/19/2025, 3:15:43 PM GMT+1 4: ✅ webContents.did-finish-load web1
7/19/2025, 3:15:43 PM GMT+1 5: ✅ webContents.created web2 ""
7/19/2025, 3:15:43 PM GMT+1 6: ✅ window.created win2 "Discord"
7/19/2025, 3:15:44 PM GMT+1 7: ✅ webContents.did-finish-load web2
7/19/2025, 3:15:47 PM GMT+1 8: window.close win1
7/19/2025, 3:15:47 PM GMT+1 9: webContents.destroyed web1
7/19/2025, 3:15:47 PM GMT+1 10: window.closed win1
7/19/2025, 3:34:52 PM GMT+1 11: before-quit
7/19/2025, 3:34:52 PM GMT+1 12: window.close win2
7/19/2025, 3:34:52 PM GMT+1 13: ❌ child-process-gone {
  type: 'Utility',
  reason: 'killed',
  exitCode: 15,
  serviceName: 'network.mojom.NetworkService',
  name: 'Network Service'
}
7/19/2025, 3:34:52 PM GMT+1 14: ❌ child-process-gone {
  type: 'Utility',
  reason: 'killed',
  exitCode: 15,
  serviceName: 'audio.mojom.AudioService',
  name: 'Audio Service'
}
7/19/2025, 3:36:57 PM GMT+1 0: 

----------------------------------------------
7/19/2025, 3:36:57 PM GMT+1 1: Discord starting: {"releaseChannel":"stable","version":"0.0.102"}, modulepath: /home/halfwhit/.config/discord/0.0.102/modules
7/19/2025, 3:36:57 PM GMT+1 2: ✅ webContents.created web1 ""
7/19/2025, 3:36:57 PM GMT+1 3: ✅ window.created win1 "discord"
7/19/2025, 3:36:59 PM GMT+1 4: ✅ webContents.created web2 ""
7/19/2025, 3:36:59 PM GMT+1 5: ✅ window.created win2 "Discord"
7/19/2025, 3:36:59 PM GMT+1 6: ✅ webContents.did-finish-load web1
7/19/2025, 3:37:01 PM GMT+1 7: ✅ webContents.did-finish-load web2
7/19/2025, 3:37:03 PM GMT+1 8: window.close win1
7/19/2025, 3:37:03 PM GMT+1 9: webContents.destroyed web1
7/19/2025, 3:37:03 PM GMT+1 10: window.closed win1
7/19/2025, 3:46:10 PM GMT+1 11: before-quit
7/19/2025, 3:46:12 PM GMT+1 12: window.close win2
7/19/2025, 3:46:12 PM GMT+1 13: ❌ child-process-gone {
  type: 'Utility',
  reason: 'killed',
  exitCode: 15,
  serviceName: 'audio.mojom.AudioService',
  name: 'Audio Service'
}
7/19/2025, 3:47:55 PM GMT+1 0: 

----------------------------------------------
7/19/2025, 3:47:55 PM GMT+1 1: Discord starting: {"releaseChannel":"stable","version":"0.0.102"}, modulepath: /home/halfwhit/.config/discord/0.0.102/modules
7/19/2025, 3:47:55 PM GMT+1 2: ✅ webContents.created web1 ""
7/19/2025, 3:47:55 PM GMT+1 3: ✅ window.created win1 "discord"
7/19/2025, 3:47:58 PM GMT+1 4: ✅ webContents.created web2 ""
7/19/2025, 3:47:58 PM GMT+1 5: ✅ window.created win2 "Discord"
7/19/2025, 3:47:58 PM GMT+1 6: ✅ webContents.did-finish-load web1
7/19/2025, 3:47:59 PM GMT+1 7: ✅ webContents.did-finish-load web2
7/19/2025, 3:48:01 PM GMT+1 8: window.close win1
7/19/2025, 3:48:01 PM GMT+1 9: webContents.destroyed web1
7/19/2025, 3:48:01 PM GMT+1 10: window.closed win1
7/19/2025, 4:03:39 PM GMT+1 11: before-quit
7/19/2025, 4:03:41 PM GMT+1 12: window.close win2
7/19/2025, 4:03:41 PM GMT+1 13: ❌ child-process-gone {
  type: 'Utility',
  reason: 'killed',
  exitCode: 15,
  serviceName: 'audio.mojom.AudioService',
  name: 'Audio Service'
}
7/19/2025, 4:03:41 PM GMT+1 14: ❌ child-process-gone {
  type: 'Utility',
  reason: 'killed',
  exitCode: 15,
  serviceName: 'network.mojom.NetworkService',
  name: 'Network Service'
}
7/20/2025, 10:44:47 AM GMT+1 0: 

----------------------------------------------
7/20/2025, 10:44:47 AM GMT+1 1: Discord starting: {"releaseChannel":"stable","version":"0.0.102"}, modulepath: /home/halfwhit/.config/discord/0.0.102/modules
7/20/2025, 10:44:47 AM GMT+1 2: ✅ webContents.created web1 ""
7/20/2025, 10:44:47 AM GMT+1 3: ✅ window.created win1 "discord"
7/20/2025, 10:44:49 AM GMT+1 4: ✅ webContents.did-finish-load web1
7/20/2025, 10:44:49 AM GMT+1 5: ✅ webContents.created web2 ""
7/20/2025, 10:44:49 AM GMT+1 6: ✅ window.created win2 "Discord"
7/20/2025, 10:44:50 AM GMT+1 7: ✅ webContents.did-finish-load web2
7/20/2025, 10:44:52 AM GMT+1 8: window.close win1
7/20/2025, 10:44:52 AM GMT+1 9: webContents.destroyed web1
7/20/2025, 10:44:52 AM GMT+1 10: window.closed win1
