Tue 15 Jul 18:23:39 BST 2025 INFO - loadLangFile - Language from command line is 'english'
Tue 15 Jul 18:23:39 BST 2025 INFO - loadLangFile - GLOBALSTLLANGDIR is '/usr/share/steamtinkerlaunch/lang'
Tue 15 Jul 18:23:39 BST 2025 INFO - loadLangFile - Command line language 'english' is no file - trying to find its absolute path
Tue 15 Jul 18:23:39 BST 2025 INFO - loadLangFile - Loading found system wide /usr/share/steamtinkerlaunch/lang/english.txt
Tue 15 Jul 18:23:39 BST 2025 INFO - getCurrentCommandline - No Proton in command line arguments 'gf 31337'
Tue 15 Jul 18:23:39 BST 2025 INFO - saveOrgVars - Storing some original variables to restore them later
Tue 15 Jul 18:23:39 BST 2025 INFO - emptyVars - Emptied some original variables as they slowdown several system calls when started from steam
Tue 15 Jul 18:23:39 BST 2025 INFO - emptyVars - Set $PATH to '/home/halfwhit/.emacs.d/bin:/home/halfwhit/.local/bin:/home/halfwhit/.config/emacs/bin:/usr/local/sbin:/usr/local/bin:/usr/bin:/usr/bin/site_perl:/usr/bin/vendor_perl:/usr/bin/core_perl:/usr/lib/rustup/bin::'
Tue 15 Jul 18:23:39 BST 2025 START - ######### Initializing Game Launch 31337 using SteamTinkerLaunch v12.12 #########
Tue 15 Jul 18:23:39 BST 2025 INFO - main - Starting with a clean log
Tue 15 Jul 18:23:39 BST 2025 INFO - main - Start creating default configs
Tue 15 Jul 18:23:39 BST 2025 INFO - createDefaultCfgs - START
Tue 15 Jul 18:23:39 BST 2025 INFO - loadLanguage - First load the default language 'english' to make sure all variables are filled
Tue 15 Jul 18:23:39 BST 2025 INFO - loadLangFile - Language from command line is 'english'
Tue 15 Jul 18:23:39 BST 2025 INFO - loadLangFile - GLOBALSTLLANGDIR is '/usr/share/steamtinkerlaunch/lang'
Tue 15 Jul 18:23:39 BST 2025 INFO - loadLangFile - Command line language 'english' is no file - trying to find its absolute path
Tue 15 Jul 18:23:39 BST 2025 INFO - loadLangFile - Loading found system wide /usr/share/steamtinkerlaunch/lang/english.txt
Tue 15 Jul 18:23:39 BST 2025 INFO - loadLanguage - Loading STLLANG from '/home/halfwhit/.config/steamtinkerlaunch/global.conf'
Tue 15 Jul 18:23:39 BST 2025 INFO - loadLanguage - STLLANG from '/home/halfwhit/.config/steamtinkerlaunch/global.conf' is 'english'
Tue 15 Jul 18:23:39 BST 2025 INFO - createDefaultCfgs - setSteamPaths:
Tue 15 Jul 18:23:39 BST 2025 INFO - setSteamPaths - Reading Steam Path variables from '/dev/shm/steamtinkerlaunch/steampaths.txt'
Tue 15 Jul 18:23:39 BST 2025 INFO - getGameOS - Starting game OS detection
Tue 15 Jul 18:23:39 BST 2025 INFO - getGameOS - STEAM_COMPAT_DATA_PATH is not defined, so this is either a Linux Game or no game was started at all
Tue 15 Jul 18:23:39 BST 2025 INFO - listAllSettingsEntries - '/dev/shm/steamtinkerlaunch/setentries.txt' already exists - nothing to do
Tue 15 Jul 18:23:39 BST 2025 INFO - createDefaultCfgs - STOP
Tue 15 Jul 18:23:39 BST 2025 SKIP - listSteamLibraries - not recreating already available '/dev/shm/steamtinkerlaunch/SteamLibraries.txt'
Tue 15 Jul 18:23:40 BST 2025 INFO - setSteamLibraryPaths - STEAM_COMPAT_LIBRARY_PATHS set to '/home/halfwhit/Games/steamapps:/home/halfwhit/.local/share/Steam/steamapps'
Tue 15 Jul 18:23:40 BST 2025 INFO - setSteamLibraryPaths - STEAM_COMPAT_MOUNTS set to '/home/halfwhit/.local/share/Steam/steamapps/common/SteamLinuxRuntime_sniper:/home/halfwhit/.local/share/Steam/steamapps/common/Steamworks Shared:/home/halfwhit/.local/share/Steam/steamapps/common/SteamLinuxRuntime_soldier'
Tue 15 Jul 18:23:40 BST 2025 INFO - setSteamLibraryPaths - STEAM_COMPAT_TOOL_PATHS set to '/home/halfwhit/.local/share/Steam/steamapps/common/SteamLinuxRuntime_sniper:/home/halfwhit/.local/share/Steam/steamapps/common/Steamworks Shared:/home/halfwhit/.local/share/Steam/steamapps/common/SteamLinuxRuntime_soldier'
Tue 15 Jul 18:23:40 BST 2025 INFO - main - Checking internal dependencies:
Tue 15 Jul 18:23:40 BST 2025 INFO - checkIntDeps - Result of version check for yad binary '/usr/bin/yad' is '14.1'
Tue 15 Jul 18:23:40 BST 2025 INFO - main - Initializing first Proton:
Tue 15 Jul 18:23:40 BST 2025 INFO - initOldProtonArr - Creating an initial array with available Proton versions using the file '/dev/shm/steamtinkerlaunch/ProtonCSV.txt' which was created during a previous run
Tue 15 Jul 18:23:40 BST 2025 INFO - initFirstProton - Initializing Proton
Tue 15 Jul 18:23:40 BST 2025 INFO - initFirstProton - Initial Proton version 'FIRSTUSEPROTON' from '/home/halfwhit/.config/steamtinkerlaunch/default_template.conf' is 'proton-9.0-4f'
Tue 15 Jul 18:23:40 BST 2025 INFO - main - Initializing default window resolution
Tue 15 Jul 18:23:40 BST 2025 INFO - setInitWinXY - Using '1440x810' from config '/dev/shm/steamtinkerlaunch/defres.txt'
Tue 15 Jul 18:23:40 BST 2025 INFO - main - Welcome to SteamTinkerLaunch
Tue 15 Jul 18:23:40 BST 2025 INFO - removeEmptyFiles - Removing empty files from '/home/halfwhit/.config/steamtinkerlaunch/games/appinfo'
Tue 15 Jul 18:23:40 BST 2025 INFO - removeEmptyFiles - Removing empty files from '/home/halfwhit/.config/steamtinkerlaunch/games/header'
Tue 15 Jul 18:23:40 BST 2025 INFO - main - Checking command line: incoming arguments 'gf 31337'
Tue 15 Jul 18:23:40 BST 2025 INFO - GameFilesMenu - Found 3 available game files and directories - opening menu
Tue 15 Jul 18:23:40 BST 2025 INFO - getRes - Detected screen resolution '1920x1080'
Tue 15 Jul 18:23:40 BST 2025 INFO - pollWinRes - Using harmless '--center' as variable 'GEOM', because there are multiple side-effects in yad if the string is empty
Tue 15 Jul 18:23:40 BST 2025 INFO - pollWinRes - Creating initial '/home/halfwhit/.config/steamtinkerlaunch/guicfgs/1920x1080/31337/SteamTinkerLaunch-Game-Files.conf' with unused default values
Tue 15 Jul 18:23:40 BST 2025 INFO - updateConfigEntry - 'COLCOUNT' option missing in config 'SteamTinkerLaunch-Game-Files.conf' - adding a new line
Tue 15 Jul 18:23:40 BST 2025 INFO - updateWinRes - Starting resolution-poll for '/home/halfwhit/.config/steamtinkerlaunch/guicfgs/1920x1080/31337/SteamTinkerLaunch-Game-Files.conf' with incoming '1440x810'
Tue 15 Jul 18:23:40 BST 2025 INFO - setShowPic - Determining game picture
Tue 15 Jul 18:23:40 BST 2025 INFO - setShowPic - Using '/dev/shm/steamtinkerlaunch/steamtinkerlaunch-steam-checked.png' as fallback picture, because '/home/halfwhit/.config/steamtinkerlaunch/games/header/31337.jpg' doesn't exist
Tue 15 Jul 18:23:40 BST 2025 INFO - updateWinRes - Waiting for Window 'SteamTinkerLaunch-Game-Files'
Tue 15 Jul 18:23:41 BST 2025 INFO - updateWinRes - Waiting for Window 'SteamTinkerLaunch-Game-Files'
Tue 15 Jul 18:23:42 BST 2025 INFO - updateWinRes - Waiting for Window 'SteamTinkerLaunch-Game-Files'
Tue 15 Jul 18:23:43 BST 2025 SKIP - updateWinRes - Timeout waiting for Window 'SteamTinkerLaunch-Game-Files'
Tue 15 Jul 18:23:50 BST 2025 INFO - MainMenu - Clicked '14' - 'EDITOR'
Tue 15 Jul 18:23:50 BST 2025 INFO - MainMenu - exiting 'Settings Menu' and opening 'EditorDialog'
Tue 15 Jul 18:23:50 BST 2025 INFO - EditorDialog - Opening Editor Dialog
Tue 15 Jul 18:23:50 BST 2025 INFO - loadCfg - Loading game config '/home/halfwhit/.config/steamtinkerlaunch/gamecfgs/id/31337.conf'
Tue 15 Jul 18:23:50 BST 2025 INFO - migrateCfgOption - File '/home/halfwhit/.config/steamtinkerlaunch/dxvk/31337.conf' does not exist - nothing to do
Tue 15 Jul 18:23:50 BST 2025 INFO - EditorDialog - Found 7 available Config Files - opening Checklist
Tue 15 Jul 18:23:51 BST 2025 INFO - getRes - Detected screen resolution '1920x1080'
Tue 15 Jul 18:23:51 BST 2025 INFO - pollWinRes - Using GEOM '--geometry=1071x642+0+0' from '/usr/share/steamtinkerlaunch/guicfgs/1920x1080/template/SteamTinkerLaunch-Editor.conf'
Tue 15 Jul 18:23:51 BST 2025 INFO - updateWinRes - Starting resolution-poll for '/home/halfwhit/.config/steamtinkerlaunch/guicfgs/1920x1080/31337/SteamTinkerLaunch-Editor.conf' with incoming '1071x642'
Tue 15 Jul 18:23:51 BST 2025 INFO - setShowPic - Determining game picture
Tue 15 Jul 18:23:51 BST 2025 INFO - setShowPic - Using '/dev/shm/steamtinkerlaunch/steamtinkerlaunch-steam-checked.png' as fallback picture, because '/home/halfwhit/.config/steamtinkerlaunch/games/header/31337.jpg' doesn't exist
Tue 15 Jul 18:23:51 BST 2025 INFO - updateWinRes - Waiting for Window 'SteamTinkerLaunch-Editor'
Tue 15 Jul 18:23:52 BST 2025 INFO - updateWinRes - Waiting for Window 'SteamTinkerLaunch-Editor'
Tue 15 Jul 18:23:53 BST 2025 INFO - updateWinRes - Waiting for Window 'SteamTinkerLaunch-Editor'
Tue 15 Jul 18:23:54 BST 2025 SKIP - updateWinRes - Timeout waiting for Window 'SteamTinkerLaunch-Editor'
Tue 15 Jul 18:23:56 BST 2025 INFO - EditorDialog - Selected CANCEL
Tue 15 Jul 18:23:56 BST 2025 INFO - goBackToPrevFunction - 'EditorDialog' closed - Going back to the 'MainMenu'
Tue 15 Jul 18:23:56 BST 2025 INFO - MainMenu - Preparing to load Main Menu
Tue 15 Jul 18:23:56 BST 2025 SKIP - createDLSpekList - Skipping looking for available SpecialK versions, because USESPECIALK is disabled
Tue 15 Jul 18:23:57 BST 2025 INFO - createDLReShadeList - Found the following 'ReShade' versions online '6.5.1!6.5.0!6.4.1'
Tue 15 Jul 18:23:57 BST 2025 INFO - prepareMenu - Opening Menu
Tue 15 Jul 18:23:57 BST 2025 INFO - loadCfg - '/home/halfwhit/.config/steamtinkerlaunch/global.conf' START
Tue 15 Jul 18:23:57 BST 2025 INFO - loadCfg - '/home/halfwhit/.config/steamtinkerlaunch/global.conf' STOP
Tue 15 Jul 18:23:57 BST 2025 INFO - loadCfg - '/home/halfwhit/.config/steamtinkerlaunch/gamecfgs/id/31337.conf' START
Tue 15 Jul 18:23:57 BST 2025 INFO - loadCfg - Loading game config '/home/halfwhit/.config/steamtinkerlaunch/gamecfgs/id/31337.conf'
Tue 15 Jul 18:23:57 BST 2025 INFO - migrateCfgOption - File '/home/halfwhit/.config/steamtinkerlaunch/dxvk/31337.conf' does not exist - nothing to do
Tue 15 Jul 18:23:57 BST 2025 INFO - loadCfg - '/home/halfwhit/.config/steamtinkerlaunch/gamecfgs/id/31337.conf' STOP
Tue 15 Jul 18:23:57 BST 2025 INFO - loadCfg - '/home/halfwhit/.config/steamtinkerlaunch/url.conf' START
Tue 15 Jul 18:23:57 BST 2025 INFO - loadCfg - '/home/halfwhit/.config/steamtinkerlaunch/url.conf' STOP
Tue 15 Jul 18:23:57 BST 2025 SKIP - updateConfigFile - Config file '/home/halfwhit/.config/steamtinkerlaunch/gamecfgs/id/31337.conf' already at version 'v12.12'
Tue 15 Jul 18:23:57 BST 2025 INFO - linkGameCfg - Symlink '/home/halfwhit/.config/steamtinkerlaunch/gamecfgs/title/Placeholder.conf' already exists
Tue 15 Jul 18:23:57 BST 2025 INFO - createWineList - Updating the Wine Dropdown List
Tue 15 Jul 18:23:57 BST 2025 INFO - setShowPic - Determining game picture
Tue 15 Jul 18:23:57 BST 2025 INFO - setShowPic - Using '/dev/shm/steamtinkerlaunch/steamtinkerlaunch-steam-checked.png' as fallback picture, because '/home/halfwhit/.config/steamtinkerlaunch/games/header/31337.jpg' doesn't exist
Tue 15 Jul 18:23:57 BST 2025 INFO - setOPCustPath - Default path for custom exe file requester is 'echo'
Tue 15 Jul 18:23:57 BST 2025 INFO - getRes - Detected screen resolution '1920x1080'
Tue 15 Jul 18:23:57 BST 2025 INFO - pollWinRes - Using GEOM '--geometry=1692x687+0+0' from '/usr/share/steamtinkerlaunch/guicfgs/1920x1080/template/SteamTinkerLaunch-MainMenu.conf'
Tue 15 Jul 18:23:57 BST 2025 INFO - updateWinRes - Starting resolution-poll for '/home/halfwhit/.config/steamtinkerlaunch/guicfgs/1920x1080/31337/SteamTinkerLaunch-MainMenu.conf' with incoming '1692x687'
Tue 15 Jul 18:23:57 BST 2025 INFO - updateWinRes - Waiting for Window 'SteamTinkerLaunch-MainMenu'
Tue 15 Jul 18:23:57 BST 2025 INFO - getSteamDeckCompatInfo - Fetching Steam Deck compatibility information for '31337' from Steam store endpoint with 'https://store.steampowered.com/saleaction/ajaxgetdeckappcompatibilityreport?nAppID=31337'
Tue 15 Jul 18:23:57 BST 2025 WARN - getSteamDeckCompatInfo - No compatibility information available for '31337' - Maybe the AppID is invalid?
Tue 15 Jul 18:23:57 BST 2025 INFO - prepareSteamDeckCompatInfo - No compatibility information available for '31337' - Is this AppID definitely correct?
Tue 15 Jul 18:23:58 BST 2025 INFO - updateWinRes - Waiting for Window 'SteamTinkerLaunch-MainMenu'
Tue 15 Jul 18:23:59 BST 2025 INFO - updateWinRes - Waiting for Window 'SteamTinkerLaunch-MainMenu'
Tue 15 Jul 18:24:00 BST 2025 SKIP - updateWinRes - Timeout waiting for Window 'SteamTinkerLaunch-MainMenu'
Tue 15 Jul 18:24:02 BST 2025 INFO - MainMenu - Clicked '4' - 'CATEGORY'
Tue 15 Jul 18:24:02 BST 2025 INFO - MainMenu - exiting 'Settings Menu' and opening 'Category Menu Selection'
Tue 15 Jul 18:24:02 BST 2025 INFO - getRes - Detected screen resolution '1920x1080'
Tue 15 Jul 18:24:02 BST 2025 INFO - pollWinRes - Using GEOM '--geometry=1486x334+0+0' from '/usr/share/steamtinkerlaunch/guicfgs/1920x1080/template/SteamTinkerLaunch-CategorySelection.conf'
Tue 15 Jul 18:24:02 BST 2025 INFO - updateWinRes - Starting resolution-poll for '/home/halfwhit/.config/steamtinkerlaunch/guicfgs/1920x1080/31337/SteamTinkerLaunch-CategorySelection.conf' with incoming '1486x334'
Tue 15 Jul 18:24:02 BST 2025 INFO - setShowPic - Determining game picture
Tue 15 Jul 18:24:02 BST 2025 INFO - setShowPic - Using '/dev/shm/steamtinkerlaunch/steamtinkerlaunch-steam-checked.png' as fallback picture, because '/home/halfwhit/.config/steamtinkerlaunch/games/header/31337.jpg' doesn't exist
Tue 15 Jul 18:24:02 BST 2025 INFO - updateWinRes - Waiting for Window 'SteamTinkerLaunch-CategorySelection'
Tue 15 Jul 18:24:03 BST 2025 INFO - updateWinRes - Waiting for Window 'SteamTinkerLaunch-CategorySelection'
Tue 15 Jul 18:24:04 BST 2025 INFO - updateWinRes - Waiting for Window 'SteamTinkerLaunch-CategorySelection'
Tue 15 Jul 18:24:05 BST 2025 SKIP - updateWinRes - Timeout waiting for Window 'SteamTinkerLaunch-CategorySelection'
Tue 15 Jul 18:24:06 BST 2025 INFO - setGuiCategoryMenuSel - Nothing selected - going to the Settings Menu
Tue 15 Jul 18:24:06 BST 2025 INFO - MainMenu - Preparing to load Main Menu
Tue 15 Jul 18:24:06 BST 2025 SKIP - createDLSpekList - Skipping looking for available SpecialK versions, because USESPECIALK is disabled
Tue 15 Jul 18:24:06 BST 2025 INFO - createDLReShadeList - Found the following 'ReShade' versions online '6.5.1!6.5.0!6.4.1'
Tue 15 Jul 18:24:06 BST 2025 INFO - prepareMenu - Opening Menu
Tue 15 Jul 18:24:06 BST 2025 INFO - loadCfg - '/home/halfwhit/.config/steamtinkerlaunch/global.conf' START
Tue 15 Jul 18:24:06 BST 2025 INFO - loadCfg - '/home/halfwhit/.config/steamtinkerlaunch/global.conf' STOP
Tue 15 Jul 18:24:06 BST 2025 INFO - loadCfg - '/home/halfwhit/.config/steamtinkerlaunch/gamecfgs/id/31337.conf' START
Tue 15 Jul 18:24:06 BST 2025 INFO - loadCfg - Loading game config '/home/halfwhit/.config/steamtinkerlaunch/gamecfgs/id/31337.conf'
Tue 15 Jul 18:24:06 BST 2025 INFO - migrateCfgOption - File '/home/halfwhit/.config/steamtinkerlaunch/dxvk/31337.conf' does not exist - nothing to do
Tue 15 Jul 18:24:06 BST 2025 INFO - loadCfg - '/home/halfwhit/.config/steamtinkerlaunch/gamecfgs/id/31337.conf' STOP
Tue 15 Jul 18:24:06 BST 2025 INFO - loadCfg - '/home/halfwhit/.config/steamtinkerlaunch/url.conf' START
Tue 15 Jul 18:24:06 BST 2025 INFO - loadCfg - '/home/halfwhit/.config/steamtinkerlaunch/url.conf' STOP
Tue 15 Jul 18:24:06 BST 2025 SKIP - updateConfigFile - Config file '/home/halfwhit/.config/steamtinkerlaunch/gamecfgs/id/31337.conf' already at version 'v12.12'
Tue 15 Jul 18:24:06 BST 2025 INFO - linkGameCfg - Symlink '/home/halfwhit/.config/steamtinkerlaunch/gamecfgs/title/Placeholder.conf' already exists
Tue 15 Jul 18:24:06 BST 2025 INFO - createWineList - Updating the Wine Dropdown List
Tue 15 Jul 18:24:06 BST 2025 INFO - setShowPic - Determining game picture
Tue 15 Jul 18:24:06 BST 2025 INFO - setShowPic - Using '/dev/shm/steamtinkerlaunch/steamtinkerlaunch-steam-checked.png' as fallback picture, because '/home/halfwhit/.config/steamtinkerlaunch/games/header/31337.jpg' doesn't exist
Tue 15 Jul 18:24:06 BST 2025 INFO - setOPCustPath - Default path for custom exe file requester is 'echo'
Tue 15 Jul 18:24:06 BST 2025 INFO - getRes - Detected screen resolution '1920x1080'
Tue 15 Jul 18:24:07 BST 2025 INFO - pollWinRes - Using GEOM '--geometry=1692x687+0+0' from '/usr/share/steamtinkerlaunch/guicfgs/1920x1080/template/SteamTinkerLaunch-MainMenu.conf'
Tue 15 Jul 18:24:07 BST 2025 INFO - updateWinRes - Starting resolution-poll for '/home/halfwhit/.config/steamtinkerlaunch/guicfgs/1920x1080/31337/SteamTinkerLaunch-MainMenu.conf' with incoming '1692x687'
Tue 15 Jul 18:24:07 BST 2025 INFO - updateWinRes - Waiting for Window 'SteamTinkerLaunch-MainMenu'
Tue 15 Jul 18:24:07 BST 2025 INFO - getSteamDeckCompatInfo - Fetching Steam Deck compatibility information for '31337' from Steam store endpoint with 'https://store.steampowered.com/saleaction/ajaxgetdeckappcompatibilityreport?nAppID=31337'
Tue 15 Jul 18:24:07 BST 2025 WARN - getSteamDeckCompatInfo - No compatibility information available for '31337' - Maybe the AppID is invalid?
Tue 15 Jul 18:24:07 BST 2025 INFO - prepareSteamDeckCompatInfo - No compatibility information available for '31337' - Is this AppID definitely correct?
Tue 15 Jul 18:24:08 BST 2025 INFO - updateWinRes - Waiting for Window 'SteamTinkerLaunch-MainMenu'
Tue 15 Jul 18:24:09 BST 2025 INFO - updateWinRes - Waiting for Window 'SteamTinkerLaunch-MainMenu'
Tue 15 Jul 18:24:10 BST 2025 SKIP - updateWinRes - Timeout waiting for Window 'SteamTinkerLaunch-MainMenu'
Tue 15 Jul 18:24:19 BST 2025 INFO - MainMenu - Clicked '6' - 'GAME MENU'
Tue 15 Jul 18:24:19 BST 2025 INFO - MainMenu - exiting 'Settings Menu' and opening 'Game Menu'
Tue 15 Jul 18:24:19 BST 2025 INFO - prepareMenu - Opening Menu
Tue 15 Jul 18:24:19 BST 2025 INFO - loadCfg - '/home/halfwhit/.config/steamtinkerlaunch/global.conf' START
Tue 15 Jul 18:24:19 BST 2025 INFO - loadCfg - '/home/halfwhit/.config/steamtinkerlaunch/global.conf' STOP
Tue 15 Jul 18:24:19 BST 2025 INFO - loadCfg - '/home/halfwhit/.config/steamtinkerlaunch/gamecfgs/id/31337.conf' START
Tue 15 Jul 18:24:19 BST 2025 INFO - loadCfg - Loading game config '/home/halfwhit/.config/steamtinkerlaunch/gamecfgs/id/31337.conf'
Tue 15 Jul 18:24:19 BST 2025 INFO - migrateCfgOption - File '/home/halfwhit/.config/steamtinkerlaunch/dxvk/31337.conf' does not exist - nothing to do
Tue 15 Jul 18:24:19 BST 2025 INFO - loadCfg - '/home/halfwhit/.config/steamtinkerlaunch/gamecfgs/id/31337.conf' STOP
Tue 15 Jul 18:24:19 BST 2025 INFO - loadCfg - '/home/halfwhit/.config/steamtinkerlaunch/url.conf' START
Tue 15 Jul 18:24:19 BST 2025 INFO - loadCfg - '/home/halfwhit/.config/steamtinkerlaunch/url.conf' STOP
Tue 15 Jul 18:24:19 BST 2025 SKIP - updateConfigFile - Config file '/home/halfwhit/.config/steamtinkerlaunch/gamecfgs/id/31337.conf' already at version 'v12.12'
Tue 15 Jul 18:24:19 BST 2025 INFO - linkGameCfg - Symlink '/home/halfwhit/.config/steamtinkerlaunch/gamecfgs/title/Placeholder.conf' already exists
Tue 15 Jul 18:24:19 BST 2025 INFO - createWineList - Updating the Wine Dropdown List
Tue 15 Jul 18:24:19 BST 2025 SKIP - updateConfigFile - Config file '/home/halfwhit/.config/steamtinkerlaunch/gamecfgs/id/31337.conf' already at version 'v12.12'
Tue 15 Jul 18:24:19 BST 2025 INFO - linkGameCfg - Symlink '/home/halfwhit/.config/steamtinkerlaunch/gamecfgs/title/Placeholder.conf' already exists
Tue 15 Jul 18:24:19 BST 2025 INFO - createWineList - Updating the Wine Dropdown List
Tue 15 Jul 18:24:19 BST 2025 INFO - rmCfgTemp - Deleting and resetting MKCFG '/dev/shm/steamtinkerlaunch/menu.pQG2xxOx' - triggered from 'mkCfgTemp'
Tue 15 Jul 18:24:19 BST 2025 INFO - loadCfg - Loading game config '/home/halfwhit/.config/steamtinkerlaunch/gamecfgs/id/31337.conf'
Tue 15 Jul 18:24:19 BST 2025 INFO - migrateCfgOption - File '/home/halfwhit/.config/steamtinkerlaunch/dxvk/31337.conf' does not exist - nothing to do
Tue 15 Jul 18:24:19 BST 2025 INFO - getRes - Detected screen resolution '1920x1080'
Tue 15 Jul 18:24:19 BST 2025 INFO - pollWinRes - Using GEOM '--geometry=1114x723+0+0' from '/usr/share/steamtinkerlaunch/guicfgs/1920x1080/template/SteamTinkerLaunch-launchGameMenu.conf'
Tue 15 Jul 18:24:19 BST 2025 INFO - updateWinRes - Starting resolution-poll for '/home/halfwhit/.config/steamtinkerlaunch/guicfgs/1920x1080/31337/SteamTinkerLaunch-launchGameMenu.conf' with incoming '1114x723'
Tue 15 Jul 18:24:19 BST 2025 INFO - openMenu - Starting createMenu "/dev/shm/steamtinkerlaunch/menutemp/gamemenu" "launchGameMenu" "/dev/shm/steamtinkerlaunch/steamtinkerlaunch-steam-checked.png" "EMPTY" "EMPTY" "Settings for game 'No Title found for '31337' (31337)'" "MainMenu" "MENU_GAME"
Tue 15 Jul 18:24:19 BST 2025 INFO - createMenu - got '9' elements: '0 /dev/shm/steamtinkerlaunch/menutemp/gamemenu launchGameMenu /dev/shm/steamtinkerlaunch/steamtinkerlaunch-steam-checked.png EMPTY EMPTY Settings for game 'No Title found for '31337' (31337)' MainMenu MENU_GAME'
Tue 15 Jul 18:24:19 BST 2025 INFO - updateWinRes - Waiting for Window 'SteamTinkerLaunch-launchGameMenu'
Tue 15 Jul 18:24:19 BST 2025 INFO - openMenu - Currently used tempfile is '/dev/shm/steamtinkerlaunch/menu.fOiMEDsX'
Tue 15 Jul 18:24:20 BST 2025 INFO - updateWinRes - Waiting for Window 'SteamTinkerLaunch-launchGameMenu'
Tue 15 Jul 18:24:21 BST 2025 INFO - updateWinRes - Waiting for Window 'SteamTinkerLaunch-launchGameMenu'
Tue 15 Jul 18:24:22 BST 2025 SKIP - updateWinRes - Timeout waiting for Window 'SteamTinkerLaunch-launchGameMenu'
Tue 15 Jul 18:24:26 BST 2025 INFO - openMenu - Clicked '2' - 'MAIN MENU'
Tue 15 Jul 18:24:26 BST 2025 INFO - openMenu - exiting 'Favorite Menu' and opening 'Settings Menu'
Tue 15 Jul 18:24:26 BST 2025 INFO - MainMenu - Preparing to load Main Menu
Tue 15 Jul 18:24:26 BST 2025 SKIP - createDLSpekList - Skipping looking for available SpecialK versions, because USESPECIALK is disabled
Tue 15 Jul 18:24:27 BST 2025 INFO - createDLReShadeList - Found the following 'ReShade' versions online '6.5.1!6.5.0!6.4.1'
Tue 15 Jul 18:24:27 BST 2025 INFO - prepareMenu - Opening Menu
Tue 15 Jul 18:24:27 BST 2025 INFO - loadCfg - '/home/halfwhit/.config/steamtinkerlaunch/global.conf' START
Tue 15 Jul 18:24:27 BST 2025 INFO - loadCfg - '/home/halfwhit/.config/steamtinkerlaunch/global.conf' STOP
Tue 15 Jul 18:24:27 BST 2025 INFO - loadCfg - '/home/halfwhit/.config/steamtinkerlaunch/gamecfgs/id/31337.conf' START
Tue 15 Jul 18:24:27 BST 2025 INFO - loadCfg - Loading game config '/home/halfwhit/.config/steamtinkerlaunch/gamecfgs/id/31337.conf'
Tue 15 Jul 18:24:27 BST 2025 INFO - migrateCfgOption - File '/home/halfwhit/.config/steamtinkerlaunch/dxvk/31337.conf' does not exist - nothing to do
Tue 15 Jul 18:24:27 BST 2025 INFO - loadCfg - '/home/halfwhit/.config/steamtinkerlaunch/gamecfgs/id/31337.conf' STOP
Tue 15 Jul 18:24:27 BST 2025 INFO - loadCfg - '/home/halfwhit/.config/steamtinkerlaunch/url.conf' START
Tue 15 Jul 18:24:27 BST 2025 INFO - loadCfg - '/home/halfwhit/.config/steamtinkerlaunch/url.conf' STOP
Tue 15 Jul 18:24:27 BST 2025 SKIP - updateConfigFile - Config file '/home/halfwhit/.config/steamtinkerlaunch/gamecfgs/id/31337.conf' already at version 'v12.12'
Tue 15 Jul 18:24:27 BST 2025 INFO - linkGameCfg - Symlink '/home/halfwhit/.config/steamtinkerlaunch/gamecfgs/title/Placeholder.conf' already exists
Tue 15 Jul 18:24:27 BST 2025 INFO - createWineList - Updating the Wine Dropdown List
Tue 15 Jul 18:24:27 BST 2025 INFO - setShowPic - Determining game picture
Tue 15 Jul 18:24:27 BST 2025 INFO - setShowPic - Using '/dev/shm/steamtinkerlaunch/steamtinkerlaunch-steam-checked.png' as fallback picture, because '/home/halfwhit/.config/steamtinkerlaunch/games/header/31337.jpg' doesn't exist
Tue 15 Jul 18:24:27 BST 2025 INFO - setOPCustPath - Default path for custom exe file requester is 'echo'
Tue 15 Jul 18:24:27 BST 2025 INFO - getRes - Detected screen resolution '1920x1080'
Tue 15 Jul 18:24:27 BST 2025 INFO - pollWinRes - Using GEOM '--geometry=1692x687+0+0' from '/usr/share/steamtinkerlaunch/guicfgs/1920x1080/template/SteamTinkerLaunch-MainMenu.conf'
Tue 15 Jul 18:24:27 BST 2025 INFO - updateWinRes - Starting resolution-poll for '/home/halfwhit/.config/steamtinkerlaunch/guicfgs/1920x1080/31337/SteamTinkerLaunch-MainMenu.conf' with incoming '1692x687'
Tue 15 Jul 18:24:27 BST 2025 INFO - updateWinRes - Waiting for Window 'SteamTinkerLaunch-MainMenu'
Tue 15 Jul 18:24:27 BST 2025 INFO - getSteamDeckCompatInfo - Fetching Steam Deck compatibility information for '31337' from Steam store endpoint with 'https://store.steampowered.com/saleaction/ajaxgetdeckappcompatibilityreport?nAppID=31337'
Tue 15 Jul 18:24:27 BST 2025 WARN - getSteamDeckCompatInfo - No compatibility information available for '31337' - Maybe the AppID is invalid?
Tue 15 Jul 18:24:27 BST 2025 INFO - prepareSteamDeckCompatInfo - No compatibility information available for '31337' - Is this AppID definitely correct?
Tue 15 Jul 18:24:28 BST 2025 INFO - updateWinRes - Waiting for Window 'SteamTinkerLaunch-MainMenu'
Tue 15 Jul 18:24:29 BST 2025 INFO - updateWinRes - Waiting for Window 'SteamTinkerLaunch-MainMenu'
Tue 15 Jul 18:24:30 BST 2025 SKIP - updateWinRes - Timeout waiting for Window 'SteamTinkerLaunch-MainMenu'
Tue 15 Jul 18:24:32 BST 2025 INFO - goBackToPrevFunction - 'MainMenu' closed - Going back to the 'openMenu'
Tue 15 Jul 18:24:32 BST 2025 SKIP - updateConfigFile - Config file '/home/halfwhit/.config/steamtinkerlaunch/gamecfgs/id/31337.conf' already at version 'v12.12'
Tue 15 Jul 18:24:32 BST 2025 INFO - linkGameCfg - Symlink '/home/halfwhit/.config/steamtinkerlaunch/gamecfgs/title/Placeholder.conf' already exists
Tue 15 Jul 18:24:32 BST 2025 INFO - createWineList - Updating the Wine Dropdown List
Tue 15 Jul 18:24:32 BST 2025 INFO - rmCfgTemp - Deleting and resetting MKCFG '/dev/shm/steamtinkerlaunch/menu.fOiMEDsX' - triggered from 'mkCfgTemp'
Tue 15 Jul 18:24:32 BST 2025 INFO - getRes - Detected screen resolution '1920x1080'
Tue 15 Jul 18:24:32 BST 2025 INFO - pollWinRes - Creating initial '/home/halfwhit/.config/steamtinkerlaunch/guicfgs/1920x1080/31337/SteamTinkerLaunch-.conf' with unused default values
Tue 15 Jul 18:24:32 BST 2025 INFO - updateConfigEntry - 'COLCOUNT' option missing in config 'SteamTinkerLaunch-.conf' - adding a new line
Tue 15 Jul 18:24:32 BST 2025 INFO - openMenu - Starting createMenu "" "" "" "" "" "" "MainMenu" ""
Tue 15 Jul 18:24:32 BST 2025 INFO - updateWinRes - Starting resolution-poll for '/home/halfwhit/.config/steamtinkerlaunch/guicfgs/1920x1080/31337/SteamTinkerLaunch-.conf' with incoming '1692x687'
Tue 15 Jul 18:24:32 BST 2025 INFO - createMenu - got '9' elements: '       MainMenu '
Tue 15 Jul 18:24:32 BST 2025 INFO - createMenu - Creating menu template '-template'
Tue 15 Jul 18:24:32 BST 2025 INFO - updateWinRes - Waiting for Window 'SteamTinkerLaunch-'
Tue 15 Jul 18:24:32 BST 2025 INFO - getFilteredEntries - No blocked elements found in '/home/halfwhit/.config/steamtinkerlaunch/menublock.conf' - working with '/dev/shm/steamtinkerlaunch/rawentries.txt'
Tue 15 Jul 18:24:32 BST 2025 INFO - getFilteredEntries - Sort config '/home/halfwhit/.config/steamtinkerlaunch/menusort.conf' found - sorting
Tue 15 Jul 18:24:32 BST 2025 INFO - openMenu - Currently used tempfile is '/dev/shm/steamtinkerlaunch/menu.wwX8XSur'
Tue 15 Jul 18:24:32 BST 2025 INFO - goBackToPrevFunction - 'MainMenu' closed - Going back to the 'setGuiCategoryMenuSel'
Tue 15 Jul 18:24:32 BST 2025 INFO - getRes - Detected screen resolution '1920x1080'
Tue 15 Jul 18:24:32 BST 2025 INFO - pollWinRes - Using GEOM '--geometry=1486x334+0+0' from '/usr/share/steamtinkerlaunch/guicfgs/1920x1080/template/SteamTinkerLaunch-CategorySelection.conf'
Tue 15 Jul 18:24:32 BST 2025 INFO - updateWinRes - Starting resolution-poll for '/home/halfwhit/.config/steamtinkerlaunch/guicfgs/1920x1080/31337/SteamTinkerLaunch-CategorySelection.conf' with incoming '1486x334'
Tue 15 Jul 18:24:32 BST 2025 INFO - updateWinRes - Waiting for Window 'SteamTinkerLaunch-CategorySelection'
Tue 15 Jul 18:24:32 BST 2025 INFO - setShowPic - Determining game picture
Tue 15 Jul 18:24:32 BST 2025 INFO - setShowPic - Using '/dev/shm/steamtinkerlaunch/steamtinkerlaunch-steam-checked.png' as fallback picture, because '/home/halfwhit/.config/steamtinkerlaunch/games/header/31337.jpg' doesn't exist
Tue 15 Jul 18:24:33 BST 2025 INFO - updateWinRes - Waiting for Window 'SteamTinkerLaunch-'
Tue 15 Jul 18:24:33 BST 2025 INFO - updateWinRes - Waiting for Window 'SteamTinkerLaunch-CategorySelection'
Tue 15 Jul 18:24:34 BST 2025 INFO - updateWinRes - Waiting for Window 'SteamTinkerLaunch-'
Tue 15 Jul 18:24:34 BST 2025 INFO - setGuiCategoryMenuSel - Nothing selected - going to the Settings Menu
Tue 15 Jul 18:24:34 BST 2025 INFO - MainMenu - Preparing to load Main Menu
Tue 15 Jul 18:24:34 BST 2025 SKIP - createDLSpekList - Skipping looking for available SpecialK versions, because USESPECIALK is disabled
Tue 15 Jul 18:24:34 BST 2025 INFO - updateWinRes - Waiting for Window 'SteamTinkerLaunch-CategorySelection'
Tue 15 Jul 18:24:34 BST 2025 INFO - createDLReShadeList - Found the following 'ReShade' versions online '6.5.1!6.5.0!6.4.1'
Tue 15 Jul 18:24:34 BST 2025 INFO - prepareMenu - Opening Menu
Tue 15 Jul 18:24:34 BST 2025 INFO - loadCfg - '/home/halfwhit/.config/steamtinkerlaunch/global.conf' START
Tue 15 Jul 18:24:34 BST 2025 INFO - loadCfg - '/home/halfwhit/.config/steamtinkerlaunch/global.conf' STOP
Tue 15 Jul 18:24:34 BST 2025 INFO - loadCfg - '/home/halfwhit/.config/steamtinkerlaunch/gamecfgs/id/31337.conf' START
Tue 15 Jul 18:24:34 BST 2025 INFO - loadCfg - Loading game config '/home/halfwhit/.config/steamtinkerlaunch/gamecfgs/id/31337.conf'
Tue 15 Jul 18:24:34 BST 2025 INFO - migrateCfgOption - File '/home/halfwhit/.config/steamtinkerlaunch/dxvk/31337.conf' does not exist - nothing to do
Tue 15 Jul 18:24:34 BST 2025 INFO - loadCfg - '/home/halfwhit/.config/steamtinkerlaunch/gamecfgs/id/31337.conf' STOP
Tue 15 Jul 18:24:34 BST 2025 INFO - loadCfg - '/home/halfwhit/.config/steamtinkerlaunch/url.conf' START
Tue 15 Jul 18:24:34 BST 2025 INFO - loadCfg - '/home/halfwhit/.config/steamtinkerlaunch/url.conf' STOP
Tue 15 Jul 18:24:34 BST 2025 SKIP - updateConfigFile - Config file '/home/halfwhit/.config/steamtinkerlaunch/gamecfgs/id/31337.conf' already at version 'v12.12'
Tue 15 Jul 18:24:34 BST 2025 INFO - linkGameCfg - Symlink '/home/halfwhit/.config/steamtinkerlaunch/gamecfgs/title/Placeholder.conf' already exists
Tue 15 Jul 18:24:34 BST 2025 INFO - createWineList - Updating the Wine Dropdown List
Tue 15 Jul 18:24:34 BST 2025 INFO - setShowPic - Determining game picture
Tue 15 Jul 18:24:34 BST 2025 INFO - setShowPic - Using '/dev/shm/steamtinkerlaunch/steamtinkerlaunch-steam-checked.png' as fallback picture, because '/home/halfwhit/.config/steamtinkerlaunch/games/header/31337.jpg' doesn't exist
Tue 15 Jul 18:24:34 BST 2025 INFO - setOPCustPath - Default path for custom exe file requester is 'echo'
Tue 15 Jul 18:24:34 BST 2025 INFO - getRes - Detected screen resolution '1920x1080'
Tue 15 Jul 18:24:34 BST 2025 INFO - pollWinRes - Using GEOM '--geometry=1692x687+0+0' from '/usr/share/steamtinkerlaunch/guicfgs/1920x1080/template/SteamTinkerLaunch-MainMenu.conf'
Tue 15 Jul 18:24:34 BST 2025 INFO - updateWinRes - Starting resolution-poll for '/home/halfwhit/.config/steamtinkerlaunch/guicfgs/1920x1080/31337/SteamTinkerLaunch-MainMenu.conf' with incoming '1692x687'
Tue 15 Jul 18:24:34 BST 2025 INFO - updateWinRes - Waiting for Window 'SteamTinkerLaunch-MainMenu'
Tue 15 Jul 18:24:34 BST 2025 INFO - getSteamDeckCompatInfo - Fetching Steam Deck compatibility information for '31337' from Steam store endpoint with 'https://store.steampowered.com/saleaction/ajaxgetdeckappcompatibilityreport?nAppID=31337'
Tue 15 Jul 18:24:35 BST 2025 WARN - getSteamDeckCompatInfo - No compatibility information available for '31337' - Maybe the AppID is invalid?
Tue 15 Jul 18:24:35 BST 2025 INFO - prepareSteamDeckCompatInfo - No compatibility information available for '31337' - Is this AppID definitely correct?
Tue 15 Jul 18:24:35 BST 2025 SKIP - updateWinRes - Timeout waiting for Window 'SteamTinkerLaunch-'
Tue 15 Jul 18:24:35 BST 2025 SKIP - updateWinRes - Timeout waiting for Window 'SteamTinkerLaunch-CategorySelection'
Tue 15 Jul 18:24:35 BST 2025 INFO - updateWinRes - Waiting for Window 'SteamTinkerLaunch-MainMenu'
Tue 15 Jul 18:24:36 BST 2025 INFO - updateWinRes - Waiting for Window 'SteamTinkerLaunch-MainMenu'
Tue 15 Jul 18:24:37 BST 2025 INFO - MainMenu - Clicked '0' - 'EXIT'
Tue 15 Jul 18:24:37 BST 2025 INFO - MainMenu - exiting 'Settings Menu' and opening 'Exit'
Tue 15 Jul 18:24:37 BST 2025 INFO - closeSTL - closing STL
Tue 15 Jul 18:24:37 BST 2025 INFO - updateConfigEntry - Emptying 'CUSTOMCMD' for '/home/halfwhit/.config/steamtinkerlaunch/default_template.conf'
Tue 15 Jul 18:24:37 BST 2025 INFO - closeSTL - Creating '/dev/shm/steamtinkerlaunch/steamtinkerlaunch-closing.tmp'
Tue 15 Jul 18:24:37 BST 2025 INFO - checkPlayTime - The game was not started via 'steamtinkerlaunch' but directly from Steam - skipping Crash Requester
Tue 15 Jul 18:24:37 BST 2025 INFO - closeSTL - Game 'No Title found for '31337' (31337)' exited - cleaning up custom processes if necessary
Tue 15 Jul 18:24:37 BST 2025 INFO - updateConfigEntry - 'HEXAID' option missing in config '31337.conf' - adding a new line
Tue 15 Jul 18:24:37 BST 2025 WAIT - updateWinRes - steamtinkerlaunch is just closing - leaving loop
Tue 15 Jul 18:24:37 BST 2025 INFO - updateWinRes - Window 'SteamTinkerLaunch-MainMenu' is running - polling the resolution
Tue 15 Jul 18:24:37 BST 2025 INFO - closeTrayIcon - Closing TrayIcon '13505'
Tue 15 Jul 18:24:37 BST 2025 INFO - updateWinRes - The Window 'SteamTinkerLaunch-MainMenu' was closed - the resolution didn't change - nothing to do
Tue 15 Jul 18:24:38 BST 2025 INFO - closeSTL - Removing '/dev/shm/steamtinkerlaunch/steamtinkerlaunch-closing.tmp'
Tue 15 Jul 18:24:39 BST 2025 STOP - ######### closeSTL SteamTinkerLaunch v12.12 #########
Tue 15 Jul 18:24:39 BST 2025 INFO - writeLastRun - Recreating /home/halfwhit/.config/steamtinkerlaunch/logs/steamtinkerlaunch/lastrun.txt
Tue 15 Jul 18:24:39 BST 2025 INFO - storeMetaData - Saving metadata for game 'Placeholder (31337)'
Tue 15 Jul 18:24:39 BST 2025 INFO - updateConfigEntry - 'GAMEID' option missing in config '31337.conf' - adding a new line
Tue 15 Jul 18:24:39 BST 2025 INFO - updateConfigEntry - 'GAMENAME' option missing in config '31337.conf' - adding a new line
Tue 15 Jul 18:24:39 BST 2025 INFO - storeMetaData - Set symlink from '/home/halfwhit/.config/steamtinkerlaunch/meta/id/general/31337.conf' to '/home/halfwhit/.config/steamtinkerlaunch/meta/title/general/Placeholder.conf'
Tue 15 Jul 18:24:39 BST 2025 INFO - storeMetaData - Set symlink from '/home/halfwhit/.config/steamtinkerlaunch/meta/id/custom/31337.conf' to '/home/halfwhit/.config/steamtinkerlaunch/meta/title/custom/Placeholder.conf'
Tue 15 Jul 18:24:39 BST 2025 INFO - storeMetaData - '/home/halfwhit/.config/steamtinkerlaunch/meta/eval/id/evaluatorscript_31337.vdf' does not exists
