[2025-Mar-04 11:31:43.249 +00:00][90978:90978][info ] Logging initialized
[2025-Mar-04 11:54:31.434 +00:00][ 1153: 1153][info ] Logging initialized
[2025-Mar-04 12:01:33.948 +00:00][ 1468: 1468][info ] Logging initialized
[2025-Mar-04 12:16:56.516 +00:00][48723:48723][info ] Logging initialized
[2025-Mar-04 13:14:42.746 +00:00][ 2127: 2127][info ] Logging initialized
[2025-Mar-04 16:03:31.475 +00:00][10486:10486][info ] Logging initialized
[2025-Mar-04 16:03:35.155 +00:00][10486:10486][info ] Logging initialized
[2025-Mar-04 16:36:51.666 +00:00][11659:11659][info ] Logging initialized
[2025-Mar-06 12:52:19.120 +00:00][ 3860: 3860][info ] Logging initialized
[2025-Mar-06 12:52:46.716 +00:00][ 4235: 4235][info ] Logging initialized
[2025-Mar-07 07:23:15.615 +00:00][ 2356: 2356][info ] Logging initialized
[2025-Mar-08 07:54:17.017 +00:00][ 2233: 2233][info ] Logging initialized
[2025-Mar-09 07:16:29.133 +00:00][ 2133: 2133][info ] Logging initialized
[2025-Mar-09 15:18:24.279 +00:00][ 1190: 1190][info ] Logging initialized
[2025-Mar-10 08:14:31.249 +00:00][ 1192: 1192][info ] Logging initialized
[2025-Mar-10 10:48:11.665 +00:00][ 1177: 1177][info ] Logging initialized
[2025-Mar-11 08:24:56.877 +00:00][ 8608: 8608][info ] Logging initialized
[2025-Mar-12 07:48:09.707 +00:00][ 1198: 1198][info ] Logging initialized
[2025-Mar-12 09:45:44.506 +00:00][ 1233: 1233][info ] Logging initialized
[2025-Mar-13 07:37:43.231 +00:00][ 1195: 1195][info ] Logging initialized
[2025-Mar-13 10:00:18.716 +00:00][ 1295: 1295][info ] Logging initialized
[2025-Mar-14 08:36:11.195 +00:00][ 1319: 1319][info ] Logging initialized
[2025-Mar-15 08:33:50.304 +00:00][ 1338: 1338][info ] Logging initialized
[2025-Mar-16 07:05:30.840 +00:00][ 1314: 1314][info ] Logging initialized
[2025-Mar-17 07:17:00.276 +00:00][ 1320: 1320][info ] Logging initialized
[2025-Mar-17 14:27:29.715 +00:00][ 1335: 1335][info ] Logging initialized
[2025-Mar-18 08:35:58.087 +00:00][ 1320: 1320][info ] Logging initialized
[2025-Mar-18 17:12:26.978 +00:00][ 1316: 1316][info ] Logging initialized
[2025-Mar-19 07:54:01.640 +00:00][ 1277: 1277][info ] Logging initialized
[2025-Mar-19 08:02:12.273 +00:00][ 1270: 1270][info ] Logging initialized
[2025-Mar-19 09:21:22.770 +00:00][ 1317: 1317][info ] Logging initialized
[2025-Mar-20 07:17:41.904 +00:00][ 1318: 1318][info ] Logging initialized
[2025-Mar-20 08:26:08.684 +00:00][ 1316: 1316][info ] Logging initialized
[2025-Mar-21 07:29:42.146 +00:00][ 1317: 1317][info ] Logging initialized
[2025-Mar-21 15:02:00.305 +00:00][ 1285: 1285][info ] Logging initialized
[2025-Mar-22 07:59:35.671 +00:00][ 1304: 1304][info ] Logging initialized
[2025-Mar-23 13:50:08.002 +00:00][ 1329: 1329][info ] Logging initialized
[2025-Mar-24 08:45:50.552 +00:00][ 1304: 1304][info ] Logging initialized
[2025-Mar-24 13:14:10.286 +00:00][ 1320: 1320][info ] Logging initialized
[2025-Mar-25 07:34:59.812 +00:00][ 5682: 5682][info ] Logging initialized
[2025-Mar-26 08:00:11.138 +00:00][ 1330: 1330][info ] Logging initialized
[2025-Mar-26 08:16:42.163 +00:00][ 1330: 1330][info ] Logging initialized
[2025-Mar-27 08:01:40.796 +00:00][ 1316: 1316][info ] Logging initialized
[2025-Mar-28 08:07:29.815 +00:00][ 1327: 1327][info ] Logging initialized
[2025-Mar-29 08:14:13.274 +00:00][ 1347: 1347][info ] Logging initialized
[2025-Mar-30 09:03:52.775 +00:00][ 1300: 1300][info ] Logging initialized
[2025-Mar-31 09:12:01.880 +01:00][ 1331: 1331][info ] Logging initialized
[2025-Apr-01 09:06:57.365 +01:00][40703:40703][info ] Logging initialized
[2025-Apr-02 08:13:36.405 +01:00][ 1344: 1344][info ] Logging initialized
[2025-Apr-03 08:24:05.090 +01:00][ 1315: 1315][info ] Logging initialized
[2025-Apr-03 15:46:14.088 +01:00][ 1336: 1336][info ] Logging initialized
[2025-Apr-04 08:28:26.632 +01:00][ 1324: 1324][info ] Logging initialized
[2025-Apr-05 09:04:28.690 +01:00][ 1306: 1306][info ] Logging initialized
[2025-Apr-05 11:55:58.019 +01:00][ 1295: 1295][info ] Logging initialized
[2025-Apr-06 08:53:37.491 +01:00][ 1296: 1296][info ] Logging initialized
[2025-Apr-06 09:19:25.577 +01:00][ 1180: 1180][info ] Logging initialized
[2025-Apr-06 17:10:53.873 +01:00][ 1200: 1200][info ] Logging initialized
[2025-Apr-09 08:17:21.396 +01:00][ 1213: 1213][info ] Logging initialized
[2025-Apr-09 12:17:26.649 +01:00][ 1196: 1196][info ] Logging initialized
[2025-Apr-10 08:10:25.482 +01:00][ 1175: 1175][info ] Logging initialized
[2025-Apr-10 13:14:40.101 +01:00][ 1196: 1196][info ] Logging initialized
[2025-Apr-11 08:53:02.016 +01:00][ 1201: 1201][info ] Logging initialized
[2025-Apr-12 08:05:23.273 +01:00][ 1214: 1214][info ] Logging initialized
[2025-Apr-13 09:23:27.588 +01:00][ 1229: 1229][info ] Logging initialized
[2025-Apr-14 08:14:56.361 +01:00][ 1192: 1192][info ] Logging initialized
[2025-Apr-15 08:36:38.809 +01:00][ 3489: 3489][info ] Logging initialized
[2025-Apr-16 09:09:23.096 +01:00][53940:53940][info ] Logging initialized
[2025-Apr-17 08:30:25.301 +01:00][ 1241: 1241][info ] Logging initialized
[2025-Apr-17 11:09:15.783 +01:00][ 1200: 1200][info ] Logging initialized
[2025-Apr-18 08:15:06.728 +01:00][ 1217: 1217][info ] Logging initialized
[2025-Apr-19 10:21:15.600 +01:00][ 1214: 1214][info ] Logging initialized
[2025-Apr-19 17:17:46.261 +01:00][ 1170: 1170][info ] Logging initialized
[2025-Apr-20 09:29:25.353 +01:00][ 1200: 1200][info ] Logging initialized
[2025-Apr-21 08:57:41.049 +01:00][ 1217: 1217][info ] Logging initialized
[2025-Apr-21 10:16:30.901 +01:00][ 5627: 5627][info ] Logging initialized
[2025-Apr-22 08:24:06.628 +01:00][ 1249: 1249][info ] Logging initialized
[2025-Apr-22 17:53:38.817 +01:00][ 1192: 1192][info ] Logging initialized
[2025-Apr-23 08:56:15.293 +01:00][24772:24772][info ] Logging initialized
[2025-Apr-23 10:39:25.553 +01:00][ 1198: 1198][info ] Logging initialized
[2025-Apr-24 08:24:07.886 +01:00][ 1213: 1213][info ] Logging initialized
[2025-Apr-25 08:07:58.239 +01:00][ 1229: 1229][info ] Logging initialized
[2025-Apr-26 09:43:40.563 +01:00][ 1225: 1225][info ] Logging initialized
[2025-Apr-27 08:07:24.402 +01:00][ 1192: 1192][info ] Logging initialized
[2025-Apr-28 07:34:19.897 +01:00][ 1226: 1226][info ] Logging initialized
[2025-Apr-29 08:00:37.141 +01:00][ 1213: 1213][info ] Logging initialized
[2025-Apr-29 16:10:31.133 +01:00][ 1213: 1213][info ] Logging initialized
[2025-Apr-30 08:23:20.342 +01:00][ 2306: 2306][info ] Logging initialized
[2025-May-01 08:23:08.876 +01:00][ 1225: 1225][info ] Logging initialized
[2025-May-01 17:47:23.681 +01:00][12555:12555][info ] Logging initialized
[2025-May-02 08:30:15.783 +01:00][ 1200: 1200][info ] Logging initialized
[2025-May-02 16:33:40.934 +01:00][ 1220: 1220][info ] Logging initialized
[2025-May-02 17:45:47.789 +01:00][ 4806: 4806][info ] Logging initialized
[2025-May-03 09:32:38.878 +01:00][ 1208: 1208][info ] Logging initialized
[2025-May-06 09:14:21.492 +01:00][ 1249: 1249][info ] Logging initialized
[2025-May-06 12:28:51.333 +01:00][ 1208: 1208][info ] Logging initialized
[2025-May-06 15:06:29.807 +01:00][ 1197: 1197][info ] Logging initialized
[2025-May-07 08:14:26.528 +01:00][ 1214: 1214][info ] Logging initialized
[2025-May-07 17:08:59.938 +01:00][ 1197: 1197][info ] Logging initialized
[2025-May-08 08:22:19.034 +01:00][ 1193: 1193][info ] Logging initialized
[2025-May-08 09:23:20.614 +01:00][ 1191: 1191][info ] Logging initialized
[2025-May-08 17:19:57.278 +01:00][ 1233: 1233][info ] Logging initialized
[2025-May-09 08:16:52.776 +01:00][ 1207: 1207][info ] Logging initialized
[2025-May-09 17:36:33.102 +01:00][ 1189: 1189][info ] Logging initialized
[2025-May-10 08:17:41.834 +01:00][ 1199: 1199][info ] Logging initialized
[2025-May-11 12:33:58.929 +01:00][ 1169: 1169][info ] Logging initialized
[2025-May-12 07:58:27.056 +01:00][ 1181: 1181][info ] Logging initialized
[2025-May-12 09:26:23.827 +01:00][ 1183: 1183][info ] Logging initialized
[2025-May-12 12:49:02.424 +01:00][ 1205: 1205][info ] Logging initialized
[2025-May-12 16:03:43.587 +01:00][ 1170: 1170][info ] Logging initialized
[2025-May-13 07:47:54.331 +01:00][ 1208: 1208][info ] Logging initialized
[2025-May-14 08:24:40.082 +01:00][ 1211: 1211][info ] Logging initialized
[2025-May-14 09:21:23.948 +01:00][ 4857: 4857][info ] Logging initialized
[2025-May-15 09:59:24.925 +01:00][ 1221: 1221][info ] Logging initialized
[2025-May-16 08:27:01.964 +01:00][ 1206: 1206][info ] Logging initialized
[2025-May-17 09:23:55.352 +01:00][ 1219: 1219][info ] Logging initialized
[2025-May-18 17:15:09.835 +01:00][ 1249: 1249][info ] Logging initialized
[2025-May-18 19:41:47.867 +01:00][ 1215: 1215][info ] Logging initialized
[2025-May-23 09:00:26.940 +01:00][ 1239: 1239][info ] Logging initialized
[2025-May-24 08:30:11.445 +01:00][ 1224: 1224][info ] Logging initialized
[2025-May-25 12:09:15.691 +01:00][ 1240: 1240][info ] Logging initialized
[2025-May-26 07:10:11.056 +01:00][ 1239: 1239][info ] Logging initialized
[2025-May-30 08:14:10.797 +01:00][ 1233: 1233][info ] Logging initialized
[2025-May-30 09:27:03.880 +01:00][ 1219: 1219][info ] Logging initialized
[2025-May-31 14:04:53.714 +01:00][ 1216: 1216][info ] Logging initialized
[2025-Jun-01 17:20:57.419 +01:00][ 1235: 1235][info ] Logging initialized
[2025-Jun-05 16:53:46.680 +01:00][42069:42069][info ] Logging initialized
[2025-Jun-06 08:09:48.593 +01:00][ 1214: 1214][info ] Logging initialized
[2025-Jun-09 07:39:33.526 +01:00][ 1262: 1262][info ] Logging initialized
[2025-Jun-09 12:34:15.382 +01:00][ 1217: 1217][info ] Logging initialized
[2025-Jun-09 16:57:09.950 +01:00][ 1195: 1195][info ] Logging initialized
[2025-Jun-10 08:48:03.948 +01:00][ 4308: 4308][info ] Logging initialized
[2025-Jun-11 07:51:11.313 +01:00][ 1246: 1246][info ] Logging initialized
[2025-Jun-12 07:37:25.688 +01:00][ 1240: 1240][info ] Logging initialized
[2025-Jun-12 11:29:12.547 +01:00][ 1260: 1260][info ] Logging initialized
[2025-Jun-13 08:48:44.057 +01:00][ 1235: 1235][info ] Logging initialized
[2025-Jun-13 08:51:15.627 +01:00][ 1219: 1219][info ] Logging initialized
[2025-Jun-13 09:03:49.629 +01:00][ 1203: 1203][info ] Logging initialized
[2025-Jun-14 13:47:08.471 +01:00][ 1240: 1240][info ] Logging initialized
[2025-Jun-15 17:52:54.633 +01:00][ 1277: 1277][info ] Logging initialized
[2025-Jun-16 07:36:43.454 +01:00][ 1253: 1253][info ] Logging initialized
[2025-Jun-16 11:18:29.885 +01:00][ 1394: 1394][info ] Logging initialized
[2025-Jun-16 11:28:37.023 +01:00][ 1296: 1296][info ] Logging initialized
[2025-Jun-16 11:36:29.588 +01:00][ 1288: 1288][info ] Logging initialized
[2025-Jun-16 11:40:41.662 +01:00][ 1282: 1282][info ] Logging initialized
[2025-Jun-16 11:46:52.012 +01:00][ 3313: 3313][info ] Logging initialized
[2025-Jun-16 11:55:33.746 +01:00][ 1380: 1380][info ] Logging initialized
[2025-Jun-17 18:01:24.508 +01:00][45301:45301][info ] Logging initialized
[2025-Jun-17 18:12:49.157 +01:00][ 1402: 1402][info ] Logging initialized
[2025-Jun-17 23:30:59.325 +01:00][ 1431: 1431][info ] Logging initialized
[2025-Jun-18 09:43:05.413 +01:00][ 1393: 1393][info ] Logging initialized
[2025-Jun-18 10:08:49.373 +01:00][ 1416: 1416][info ] Logging initialized
[2025-Jun-18 15:23:33.882 +01:00][ 1432: 1432][info ] Logging initialized
[2025-Jun-19 07:43:57.807 +01:00][ 1455: 1455][info ] Logging initialized
[2025-Jun-19 18:25:42.848 +01:00][ 1445: 1445][info ] Logging initialized
[2025-Jun-20 08:20:53.476 +01:00][ 1391: 1391][info ] Logging initialized
[2025-Jun-20 12:25:00.332 +01:00][ 1599: 1599][info ] Logging initialized
[2025-Jun-20 18:00:24.473 +01:00][ 1514: 1514][info ] Logging initialized
[2025-Jun-21 00:37:02.969 +01:00][ 1547: 1547][info ] Logging initialized
[2025-Jun-21 01:22:10.201 +01:00][ 1493: 1493][info ] Logging initialized
[2025-Jun-21 09:56:32.945 +01:00][ 1489: 1489][info ] Logging initialized
[2025-Jun-22 09:40:42.670 +01:00][ 1557: 1557][info ] Logging initialized
[2025-Jun-23 07:29:57.519 +01:00][ 1597: 1597][info ] Logging initialized
[2025-Jun-24 07:28:58.341 +01:00][ 1613: 1613][info ] Logging initialized
[2025-Jun-24 10:38:07.965 +01:00][ 1539: 1539][info ] Logging initialized
[2025-Jun-24 17:05:37.809 +01:00][ 1606: 1606][info ] Logging initialized
[2025-Jun-25 13:23:53.742 +01:00][ 1554: 1554][info ] Logging initialized
[2025-Jun-25 21:52:43.207 +01:00][ 1496: 1496][info ] Logging initialized
[2025-Jun-26 07:08:44.524 +01:00][ 1519: 1519][info ] Logging initialized
[2025-Jun-26 10:16:18.259 +01:00][ 1461: 1461][info ] Logging initialized
[2025-Jun-26 19:29:40.822 +01:00][ 1417: 1417][info ] Logging initialized
[2025-Jun-27 08:09:24.610 +01:00][ 1401: 1401][info ] Logging initialized
[2025-Jun-27 10:07:43.144 +01:00][ 1403: 1403][info ] Logging initialized
[2025-Jun-27 14:28:52.673 +01:00][ 1385: 1385][info ] Logging initialized
[2025-Jun-28 16:10:43.607 +01:00][ 1405: 1405][info ] Logging initialized
[2025-Jun-29 08:18:16.847 +01:00][ 1404: 1404][info ] Logging initialized
[2025-Jun-29 15:15:41.193 +01:00][ 1381: 1381][info ] Logging initialized
[2025-Jun-29 15:37:40.993 +01:00][ 1415: 1415][info ] Logging initialized
[2025-Jun-30 06:53:33.350 +01:00][ 1399: 1399][info ] Logging initialized
[2025-Jul-01 07:43:51.622 +01:00][ 1402: 1402][info ] Logging initialized
[2025-Jul-01 14:01:28.691 +01:00][ 1402: 1402][info ] Logging initialized
[2025-Jul-02 07:12:59.023 +01:00][ 1408: 1408][info ] Logging initialized
[2025-Jul-02 16:01:11.183 +01:00][ 1416: 1416][info ] Logging initialized
[2025-Jul-03 07:21:26.620 +01:00][ 1398: 1398][info ] Logging initialized
[2025-Jul-04 07:36:32.956 +01:00][ 1389: 1389][info ] Logging initialized
[2025-Jul-04 12:40:40.033 +01:00][ 1412: 1412][info ] Logging initialized
[2025-Jul-04 18:39:35.513 +01:00][ 1384: 1384][info ] Logging initialized
[2025-Jul-04 19:24:57.751 +01:00][ 1404: 1404][info ] Logging initialized
[2025-Jul-05 15:10:58.806 +01:00][ 1393: 1393][info ] Logging initialized
[2025-Jul-06 08:41:02.793 +01:00][ 1401: 1401][info ] Logging initialized
[2025-Jul-07 07:49:21.508 +01:00][ 1387: 1387][info ] Logging initialized
[2025-Jul-07 13:19:25.444 +01:00][ 1420: 1420][info ] Logging initialized
[2025-Jul-08 08:13:42.760 +01:00][13997:13997][info ] Logging initialized
[2025-Jul-09 07:45:03.095 +01:00][ 1409: 1409][info ] Logging initialized
[2025-Jul-09 15:24:31.664 +01:00][ 1419: 1419][info ] Logging initialized
[2025-Jul-10 07:31:08.893 +01:00][ 1397: 1397][info ] Logging initialized
[2025-Jul-10 18:50:14.946 +01:00][19469:19469][info ] Logging initialized
[2025-Jul-11 07:46:16.195 +01:00][ 1421: 1421][info ] Logging initialized
[2025-Jul-11 23:55:42.457 +01:00][ 1415: 1415][info ] Logging initialized
[2025-Jul-13 11:15:14.998 +01:00][ 1384: 1384][info ] Logging initialized
[2025-Jul-14 07:19:46.625 +01:00][ 1398: 1398][info ] Logging initialized
[2025-Jul-15 08:11:50.973 +01:00][ 1417: 1417][info ] Logging initialized
[2025-Jul-15 18:31:28.123 +01:00][ 1392: 1392][info ] Logging initialized
[2025-Jul-16 07:30:37.647 +01:00][ 1395: 1395][info ] Logging initialized
[2025-Jul-17 07:00:55.209 +01:00][ 1410: 1410][info ] Logging initialized
[2025-Jul-17 19:13:56.602 +01:00][ 1402: 1402][info ] Logging initialized
[2025-Jul-18 08:26:43.461 +01:00][ 1390: 1390][info ] Logging initialized
[2025-Jul-18 17:57:32.509 +01:00][ 1465: 1465][info ] Logging initialized
[2025-Jul-18 18:31:45.506 +01:00][ 1461: 1461][info ] Logging initialized
[2025-Jul-18 18:37:15.656 +01:00][ 1486: 1486][info ] Logging initialized
[2025-Jul-18 18:55:55.743 +01:00][ 1518: 1518][info ] Logging initialized
[2025-Jul-18 19:00:04.379 +01:00][ 1430: 1430][info ] Logging initialized
[2025-Jul-18 19:15:38.732 +01:00][ 1416: 1416][info ] Logging initialized
[2025-Jul-19 11:12:52.313 +01:00][ 1441: 1441][info ] Logging initialized
[2025-Jul-19 14:34:56.392 +01:00][ 1428: 1428][info ] Logging initialized
[2025-Jul-19 14:58:40.348 +01:00][ 1450: 1450][info ] Logging initialized
[2025-Jul-19 15:15:44.875 +01:00][ 1440: 1440][info ] Logging initialized
[2025-Jul-19 15:37:01.658 +01:00][ 1428: 1428][info ] Logging initialized
[2025-Jul-19 15:47:59.779 +01:00][ 1449: 1449][info ] Logging initialized
[2025-Jul-20 10:44:50.873 +01:00][ 1449: 1449][info ] Logging initialized
